2022-09-09T12:06:32,238 [main] INFO  (StartupInfoLogger.java:48) - Starting Log4j2Application on Yasithas-MacBook-Pro.local with PID 5106 (/Users/yasithaherath/Documents/DevOps/test/target/classes started by yasithaherath in /Users/yasithaherath/Documents/DevOps/test)
2022-09-09T12:06:32,249 [main] INFO  (SpringApplication.java:637) - No active profile set, falling back to default profiles: default
2022-09-09T12:06:32,313 [main] INFO  (AbstractApplicationContext.java:582) - Refreshing org.springframework.boot.context.embedded.AnnotationConfigEmbeddedWebApplicationContext@9213385: startup date [Fri Sep 09 12:06:32 IST 2022]; root of context hierarchy
2022-09-09T12:06:32,711 [background-preinit] INFO  (Version.java:30) - HV000001: Hibernate Validator 5.3.5.Final
2022-09-09T12:06:33,319 [main] INFO  (TomcatEmbeddedServletContainer.java:89) - Tomcat initialized with port(s): 8080 (http)
2022-09-09T12:06:33,329 [main] INFO  (DirectJDKLog.java:179) - Starting service Tomcat
2022-09-09T12:06:33,330 [main] INFO  (DirectJDKLog.java:179) - Starting Servlet Engine: Apache Tomcat/8.5.14
2022-09-09T12:06:33,406 [localhost-startStop-1] INFO  (DirectJDKLog.java:179) - Initializing Spring embedded WebApplicationContext
2022-09-09T12:06:33,407 [localhost-startStop-1] INFO  (EmbeddedWebApplicationContext.java:276) - Root WebApplicationContext: initialization completed in 1098 ms
2022-09-09T12:06:33,523 [localhost-startStop-1] INFO  (ServletRegistrationBean.java:190) - Mapping servlet: 'dispatcherServlet' to [/]
2022-09-09T12:06:33,526 [localhost-startStop-1] INFO  (AbstractFilterRegistrationBean.java:258) - Mapping filter: 'characterEncodingFilter' to: [/*]
2022-09-09T12:06:33,527 [localhost-startStop-1] INFO  (AbstractFilterRegistrationBean.java:258) - Mapping filter: 'hiddenHttpMethodFilter' to: [/*]
2022-09-09T12:06:33,527 [localhost-startStop-1] INFO  (AbstractFilterRegistrationBean.java:258) - Mapping filter: 'httpPutFormContentFilter' to: [/*]
2022-09-09T12:06:33,527 [localhost-startStop-1] INFO  (AbstractFilterRegistrationBean.java:258) - Mapping filter: 'requestContextFilter' to: [/*]
2022-09-09T12:06:33,759 [main] INFO  (RequestMappingHandlerAdapter.java:534) - Looking for @ControllerAdvice: org.springframework.boot.context.embedded.AnnotationConfigEmbeddedWebApplicationContext@9213385: startup date [Fri Sep 09 12:06:32 IST 2022]; root of context hierarchy
2022-09-09T12:06:33,832 [main] INFO  (AbstractHandlerMethodMapping.java:543) - Mapped "{[/sample]}" onto public re.vianneyfaiv.log4j2.SampleResponse re.vianneyfaiv.log4j2.Log4j2Controller.Sample(java.lang.String)
2022-09-09T12:06:33,833 [main] INFO  (AbstractHandlerMethodMapping.java:543) - Mapped "{[]}" onto public void re.vianneyfaiv.log4j2.Log4j2Controller.test()
2022-09-09T12:06:33,836 [main] INFO  (AbstractHandlerMethodMapping.java:543) - Mapped "{[/error],produces=[text/html]}" onto public org.springframework.web.servlet.ModelAndView org.springframework.boot.autoconfigure.web.BasicErrorController.errorHtml(javax.servlet.http.HttpServletRequest,javax.servlet.http.HttpServletResponse)
2022-09-09T12:06:33,837 [main] INFO  (AbstractHandlerMethodMapping.java:543) - Mapped "{[/error]}" onto public org.springframework.http.ResponseEntity<java.util.Map<java.lang.String, java.lang.Object>> org.springframework.boot.autoconfigure.web.BasicErrorController.error(javax.servlet.http.HttpServletRequest)
2022-09-09T12:06:33,870 [main] INFO  (AbstractUrlHandlerMapping.java:362) - Mapped URL path [/webjars/**] onto handler of type [class org.springframework.web.servlet.resource.ResourceHttpRequestHandler]
2022-09-09T12:06:33,870 [main] INFO  (AbstractUrlHandlerMapping.java:362) - Mapped URL path [/**] onto handler of type [class org.springframework.web.servlet.resource.ResourceHttpRequestHandler]
2022-09-09T12:06:33,927 [main] INFO  (AbstractUrlHandlerMapping.java:362) - Mapped URL path [/**/favicon.ico] onto handler of type [class org.springframework.web.servlet.resource.ResourceHttpRequestHandler]
2022-09-09T12:06:34,059 [main] INFO  (MBeanExporter.java:431) - Registering beans for JMX exposure on startup
2022-09-09T12:06:34,074 [main] INFO  (DirectJDKLog.java:179) - Initializing ProtocolHandler ["http-nio-8080"]
2022-09-09T12:06:34,084 [main] INFO  (DirectJDKLog.java:179) - Starting ProtocolHandler ["http-nio-8080"]
2022-09-09T12:06:34,097 [main] INFO  (DirectJDKLog.java:179) - Using a shared selector for servlet write/read
2022-09-09T12:06:34,117 [main] INFO  (TomcatEmbeddedServletContainer.java:198) - Tomcat started on port(s): 8080 (http)
2022-09-09T12:06:34,122 [main] INFO  (StartupInfoLogger.java:57) - Started Log4j2Application in 2.113 seconds (JVM running for 5.87)
2022-09-09T12:07:05,060 [http-nio-8080-exec-1] INFO  (DirectJDKLog.java:179) - Initializing Spring FrameworkServlet 'dispatcherServlet'
2022-09-09T12:07:05,060 [http-nio-8080-exec-1] INFO  (FrameworkServlet.java:489) - FrameworkServlet 'dispatcherServlet': initialization started
2022-09-09T12:07:05,084 [http-nio-8080-exec-1] INFO  (FrameworkServlet.java:508) - FrameworkServlet 'dispatcherServlet': initialization completed in 24 ms
2022-09-09T12:07:05,121 [http-nio-8080-exec-1] INFO  (Log4j2Controller.java:25) - API is called for user Yasitha
2022-09-09T12:07:14,871 [http-nio-8080-exec-2] ERROR (Log4j2Controller.java:16) - This is a test
2022-09-09T12:07:17,127 [http-nio-8080-exec-4] ERROR (Log4j2Controller.java:16) - This is a test
2022-09-09T12:07:20,486 [Thread-4] INFO  (AbstractApplicationContext.java:987) - Closing org.springframework.boot.context.embedded.AnnotationConfigEmbeddedWebApplicationContext@9213385: startup date [Fri Sep 09 12:06:32 IST 2022]; root of context hierarchy
